\BOOKMARK [1][-]{figure.caption.1}{Introduction}{}% 1
\BOOKMARK [1][-]{figure.caption.1}{Group Coordination}{}% 2
\BOOKMARK [2][-]{section*.2}{Group Members Reponsiblities}{figure.caption.1}% 3
\BOOKMARK [2][-]{section*.2}{Coordination}{figure.caption.1}% 4
\BOOKMARK [1][-]{section*.2}{Design}{}% 5
\BOOKMARK [2][-]{section*.3}{Input}{section*.2}% 6
\BOOKMARK [3][-]{section*.3}{Parameters}{section*.2}% 7
\BOOKMARK [3][-]{table.caption.4}{Land Map}{section*.2}% 8
\BOOKMARK [3][-]{table.caption.4}{Sample Input Syntax}{section*.2}% 9
\BOOKMARK [2][-]{table.caption.4}{Simulation}{section*.2}% 10
\BOOKMARK [3][-]{section*.5}{Initialization}{table.caption.4}% 11
\BOOKMARK [3][-]{section*.5}{Construction}{table.caption.4}% 12
\BOOKMARK [3][-]{section*.5}{Calculation}{table.caption.4}% 13
\BOOKMARK [2][-]{section*.5}{Output}{section*.2}% 14
\BOOKMARK [3][-]{section*.6}{Serializer}{section*.5}% 15
\BOOKMARK [3][-]{section*.6}{Visualisation}{section*.5}% 16
\BOOKMARK [1][-]{section*.6}{Tools and Frameworks}{}% 17
\BOOKMARK [2][-]{section*.7}{Programming Language}{section*.6}% 18
\BOOKMARK [2][-]{section*.7}{Revision Control}{section*.6}% 19
\BOOKMARK [2][-]{section*.7}{Build tools}{section*.6}% 20
\BOOKMARK [2][-]{section*.7}{Testing}{section*.6}% 21
\BOOKMARK [2][-]{section*.7}{Debugging}{section*.6}% 22
\BOOKMARK [1][-]{section*.7}{Analysis}{}% 23
\BOOKMARK [2][-]{section*.8}{Testing}{section*.7}% 24
\BOOKMARK [1][-]{section*.8}{Conclusion}{}% 25
\BOOKMARK [2][-]{section*.9}{Further Works}{section*.8}% 26
